<?xml version="1.0" encoding="UTF-8"?><testrun duration="8" footerText="Generated by PyCharm on 27.06.25 11:09" name="">
    <count name="total" value="1"/>
    <count name="passed" value="1"/>
    <config configId="tests" name="">
        <module name="Work"/>
        <option name="ENV_FILES" value=""/>
        <option name="INTERPRETER_OPTIONS" value=""/>
        <option name="PARENT_ENVS" value="true"/>
        <option name="SDK_HOME" value="C:/Users/erikj/MOJE_HTML/Work/.venv/Scripts/python.exe"/>
        <option name="WORKING_DIRECTORY" value="C:/Users/erikj/MOJE_HTML/Work"/>
        <option name="IS_MODULE_SDK" value="true"/>
        <option name="ADD_CONTENT_ROOTS" value="true"/>
        <option name="ADD_SOURCE_ROOTS" value="true"/>
        <option name="_new_additionalArguments" value="&quot;&quot;"/>
        <option name="_new_target" value="&quot;C:/Users/erikj/MOJE_HTML/Work/test-app.py&quot;"/>
        <option name="_new_targetType" value="&quot;PATH&quot;"/>
        <method v="2"/>
    </config>
    <suite duration="8" locationUrl="python&lt;C:\Users\erikj\MOJE_HTML\Work&gt;://test-app" name="test-app" status="passed">
        <suite duration="8" locationUrl="python&lt;C:\Users\erikj\MOJE_HTML\Work&gt;://test-app.TestExtrakce" name="TestExtrakce" status="passed">
            <test duration="8" locationUrl="python&lt;C:\Users\erikj\MOJE_HTML\Work&gt;://test-app.TestExtrakce.test_extrahuj_vysledky" name="test_extrahuj_vysledky" status="passed"/>
        </suite>
    </suite>
</testrun>
